<?xml version="1.0" encoding="UTF-8"?>
<testng-results ignored="0" total="1" passed="1" failed="0" skipped="0">
  <reporter-output>
  </reporter-output>
  <suite started-at="2019-07-12T14:06:57Z" name="Default suite" finished-at="2019-07-12T14:07:39Z" duration-ms="41144">
    <groups>
    </groups>
    <test started-at="2019-07-12T14:06:57Z" name="Default test" finished-at="2019-07-12T14:07:39Z" duration-ms="41144">
      <class name="com.training.sanity.tests.RETC_079">
        <test-method is-config="true" signature="setUpBeforeClass()[pri:0, instance:com.training.sanity.tests.RETC_079@3527942a]" started-at="2019-07-12T14:06:57Z" name="setUpBeforeClass" finished-at="2019-07-12T14:06:58Z" duration-ms="190" status="PASS">
          <reporter-output>
          </reporter-output>
        </test-method> <!-- setUpBeforeClass -->
        <test-method is-config="true" signature="setUp()[pri:0, instance:com.training.sanity.tests.RETC_079@3527942a]" started-at="2019-07-12T14:06:58Z" name="setUp" finished-at="2019-07-12T14:07:12Z" duration-ms="14284" status="PASS">
          <reporter-output>
          </reporter-output>
        </test-method> <!-- setUp -->
        <test-method signature="userCreation(java.lang.String, java.lang.String, java.lang.String, java.lang.String, java.lang.String, java.lang.String)[pri:0, instance:com.training.sanity.tests.RETC_079@3527942a]" started-at="2019-07-12T14:07:12Z" name="userCreation" data-provider="excel-inputs1" finished-at="2019-07-12T14:07:37Z" duration-ms="24149" status="PASS">
          <params>
            <param index="0">
              <value>
                <![CDATA[admin]]>
              </value>
            </param>
            <param index="1">
              <value>
                <![CDATA[adminuser@12345]]>
              </value>
            </param>
            <param index="2">
              <value>
                <![CDATA[RamamaurthyNagar]]>
              </value>
            </param>
            <param index="3">
              <value>
                <![CDATA[North]]>
              </value>
            </param>
            <param index="4">
              <value>
                <![CDATA[Bangalore]]>
              </value>
            </param>
            <param index="5">
              <value>
                <![CDATA[KR Puram Area]]>
              </value>
            </param>
          </params>
          <reporter-output>
          </reporter-output>
        </test-method> <!-- userCreation -->
        <test-method is-config="true" signature="tearDown()[pri:0, instance:com.training.sanity.tests.RETC_079@3527942a]" started-at="2019-07-12T14:07:37Z" name="tearDown" finished-at="2019-07-12T14:07:39Z" duration-ms="1919" status="PASS">
          <reporter-output>
          </reporter-output>
        </test-method> <!-- tearDown -->
      </class> <!-- com.training.sanity.tests.RETC_079 -->
    </test> <!-- Default test -->
  </suite> <!-- Default suite -->
</testng-results>
